This is pdfTeX, Version 3.141592653-2.6-1.40.28 (MiKTeX 25.12) (preloaded format=pdflatex 2026.1.23)  19 MAR 2026 14:43
entering extended mode
 restricted \write18 enabled.
 %&-line parsing enabled.
**./artigo2-elsevier_V1.tex
(artigo2-elsevier_V1.tex
LaTeX2e <2025-11-01>
L3 programming layer <2025-12-29>
(C:\Users\vidal\AppData\Local\Programs\MiKTeX\tex/latex/base\article.cls
Document Class: article 2025/01/22 v1.4n Standard LaTeX document class
(C:\Users\vidal\AppData\Local\Programs\MiKTeX\tex/latex/base\size12.clo
File: size12.clo 2025/01/22 v1.4n Standard LaTeX file (size option)
)
\c@part=\count275
\c@section=\count276
\c@subsection=\count277
\c@subsubsection=\count278
\c@paragraph=\count279
\c@subparagraph=\count280
\c@figure=\count281
\c@table=\count282
\abovecaptionskip=\skip49
\belowcaptionskip=\skip50
\bibindent=\dimen148
)
(C:\Users\vidal\AppData\Local\Programs\MiKTeX\tex/latex/amsfonts\amssymb.sty
Package: amssymb 2013/01/14 v3.01 AMS font symbols

(C:\Users\vidal\AppData\Local\Programs\MiKTeX\tex/latex/amsfonts\amsfonts.sty
Package: amsfonts 2013/01/14 v3.01 Basic AMSFonts support
\@emptytoks=\toks17
\symAMSa=\mathgroup4
\symAMSb=\mathgroup5
LaTeX Font Info:    Redeclaring math symbol \hbar on input line 98.
LaTeX Font Info:    Overwriting math alphabet `\mathfrak' in version `bold'
(Font)                  U/euf/m/n --> U/euf/b/n on input line 106.
)) (C:\Users\vidal\AppData\Local\Programs\MiKTeX\tex/latex/amsmath\amsmath.sty
Package: amsmath 2025/07/09 v2.17z AMS math features
\@mathmargin=\skip51

For additional information on amsmath, use the `?' option.
(C:\Users\vidal\AppData\Local\Programs\MiKTeX\tex/latex/amsmath\amstext.sty
Package: amstext 2024/11/17 v2.01 AMS text

(C:\Users\vidal\AppData\Local\Programs\MiKTeX\tex/latex/amsmath\amsgen.sty
File: amsgen.sty 1999/11/30 v2.0 generic functions
\@emptytoks=\toks18
\ex@=\dimen149
))
(C:\Users\vidal\AppData\Local\Programs\MiKTeX\tex/latex/amsmath\amsbsy.sty
Package: amsbsy 1999/11/29 v1.2d Bold Symbols
\pmbraise@=\dimen150
)
(C:\Users\vidal\AppData\Local\Programs\MiKTeX\tex/latex/amsmath\amsopn.sty
Package: amsopn 2022/04/08 v2.04 operator names
)
\inf@bad=\count283
LaTeX Info: Redefining \frac on input line 233.
\uproot@=\count284
\leftroot@=\count285
LaTeX Info: Redefining \overline on input line 398.
LaTeX Info: Redefining \colon on input line 409.
\classnum@=\count286
\DOTSCASE@=\count287
LaTeX Info: Redefining \ldots on input line 495.
LaTeX Info: Redefining \dots on input line 498.
LaTeX Info: Redefining \cdots on input line 619.
\Mathstrutbox@=\box53
\strutbox@=\box54
LaTeX Info: Redefining \big on input line 721.
LaTeX Info: Redefining \Big on input line 722.
LaTeX Info: Redefining \bigg on input line 723.
LaTeX Info: Redefining \Bigg on input line 724.
\big@size=\dimen151
LaTeX Font Info:    Redeclaring font encoding OML on input line 742.
LaTeX Font Info:    Redeclaring font encoding OMS on input line 743.
\macc@depth=\count288
LaTeX Info: Redefining \bmod on input line 904.
LaTeX Info: Redefining \pmod on input line 909.
LaTeX Info: Redefining \smash on input line 939.
LaTeX Info: Redefining \relbar on input line 969.
LaTeX Info: Redefining \Relbar on input line 970.
\c@MaxMatrixCols=\count289
\dotsspace@=\muskip17
\c@parentequation=\count290
\dspbrk@lvl=\count291
\tag@help=\toks19
\row@=\count292
\column@=\count293
\maxfields@=\count294
\andhelp@=\toks20
\eqnshift@=\dimen152
\alignsep@=\dimen153
\tagshift@=\dimen154
\tagwidth@=\dimen155
\totwidth@=\dimen156
\lineht@=\dimen157
\@envbody=\toks21
\multlinegap=\skip52
\multlinetaggap=\skip53
\mathdisplay@stack=\toks22
LaTeX Info: Redefining \[ on input line 2950.
LaTeX Info: Redefining \] on input line 2951.
)
(C:\Users\vidal\AppData\Local\Programs\MiKTeX\tex/latex/tools\bm.sty
Package: bm 2025/10/21 v1.2g Bold Symbol Support (DPC/FMi)
\symboldoperators=\mathgroup6
\symboldletters=\mathgroup7
\symboldsymbols=\mathgroup8
Package bm Info: No bold for \OMX/cmex/m/n, using \pmb.
Package bm Info: No bold for \U/msa/m/n, using \pmb.
Package bm Info: No bold for \U/msb/m/n, using \pmb.
LaTeX Font Info:    Redeclaring math alphabet \mathbf on input line 149.
)
(C:\Users\vidal\AppData\Local\Programs\MiKTeX\tex/latex/lineno\lineno.sty
Package: lineno 2025/05/13 line numbers on paragraphs v5.5

(C:\Users\vidal\AppData\Local\Programs\MiKTeX\tex/latex/etoolbox\etoolbox.sty
Package: etoolbox 2025/10/02 v2.5m e-TeX tools for LaTeX (JAW)
\etb@tempcnta=\count295
)
(C:\Users\vidal\AppData\Local\Programs\MiKTeX\tex/latex/kvoptions\kvoptions.sty
Package: kvoptions 2022-06-15 v3.15 Key value format for package options (HO)
(C:\Users\vidal\AppData\Local\Programs\MiKTeX\tex/latex/graphics\keyval.sty
Package: keyval 2022/05/29 v1.15 key=value parser (DPC)
\KV@toks@=\toks23
)
(C:\Users\vidal\AppData\Local\Programs\MiKTeX\tex/generic/ltxcmds\ltxcmds.sty
Package: ltxcmds 2023-12-04 v1.26 LaTeX kernel commands for general use (HO)
)
(C:\Users\vidal\AppData\Local\Programs\MiKTeX\tex/latex/kvsetkeys\kvsetkeys.sty
Package: kvsetkeys 2022-10-05 v1.19 Key value parser (HO)
))
\linenopenalty=\count296
\output=\toks24
\linenoprevgraf=\count297
\linenumbersep=\dimen158
\linenumberwidth=\dimen159
\c@linenumber=\count298
\c@pagewiselinenumber=\count299
\c@LN@truepage=\count300
\c@internallinenumber=\count301
\c@internallinenumbers=\count302
\quotelinenumbersep=\dimen160
\bframerule=\dimen161
\bframesep=\dimen162
\bframebox=\box55
\@LN@amsmath@ams@eqpen=\count303
) (C:\Users\vidal\AppData\Local\Programs\MiKTeX\tex/latex/base\inputenc.sty
Package: inputenc 2024/02/08 v1.3d Input encoding file
\inpenc@prehook=\toks25
\inpenc@posthook=\toks26
)
(C:\Users\vidal\AppData\Local\Programs\MiKTeX\tex/latex/base\fontenc.sty
Package: fontenc 2025/07/18 v2.1d Standard LaTeX package
)
(C:\Users\vidal\AppData\Local\Programs\MiKTeX\tex/latex/booktabs\booktabs.sty
Package: booktabs 2020/01/12 v1.61803398 Publication quality tables
\heavyrulewidth=\dimen163
\lightrulewidth=\dimen164
\cmidrulewidth=\dimen165
\belowrulesep=\dimen166
\belowbottomsep=\dimen167
\aboverulesep=\dimen168
\abovetopsep=\dimen169
\cmidrulesep=\dimen170
\cmidrulekern=\dimen171
\defaultaddspace=\dimen172
\@cmidla=\count304
\@cmidlb=\count305
\@aboverulesep=\dimen173
\@belowrulesep=\dimen174
\@thisruleclass=\count306
\@lastruleclass=\count307
\@thisrulewidth=\dimen175
)
(C:\Users\vidal\AppData\Local\Programs\MiKTeX\tex/latex/graphics\graphicx.sty
Package: graphicx 2024/12/31 v1.2e Enhanced LaTeX Graphics (DPC,SPQR)

(C:\Users\vidal\AppData\Local\Programs\MiKTeX\tex/latex/graphics\graphics.sty
Package: graphics 2024/08/06 v1.4g Standard LaTeX Graphics (DPC,SPQR)

(C:\Users\vidal\AppData\Local\Programs\MiKTeX\tex/latex/graphics\trig.sty
Package: trig 2023/12/02 v1.11 sin cos tan (DPC)
)
(C:\Users\vidal\AppData\Local\Programs\MiKTeX\tex/latex/graphics-cfg\graphics.c
fg
File: graphics.cfg 2016/06/04 v1.11 sample graphics configuration
)
Package graphics Info: Driver file: pdftex.def on input line 106.

(C:\Users\vidal\AppData\Local\Programs\MiKTeX\tex/latex/graphics-def\pdftex.def
File: pdftex.def 2025/09/29 v1.2d Graphics/color driver for pdftex
))
\Gin@req@height=\dimen176
\Gin@req@width=\dimen177
) (C:\Users\vidal\AppData\Local\Programs\MiKTeX\tex/latex/float\float.sty
Package: float 2001/11/08 v1.3d Float enhancements (AL)
\c@float@type=\count308
\float@exts=\toks27
\float@box=\box56
\@float@everytoks=\toks28
\@floatcapt=\box57
)
(C:\Users\vidal\AppData\Local\Programs\MiKTeX\tex/latex/caption\subcaption.sty
Package: subcaption 2023/07/28 v1.6b Sub-captions (AR)

(C:\Users\vidal\AppData\Local\Programs\MiKTeX\tex/latex/caption\caption.sty
Package: caption 2023/08/05 v3.6o Customizing captions (AR)

(C:\Users\vidal\AppData\Local\Programs\MiKTeX\tex/latex/caption\caption3.sty
Package: caption3 2023/07/31 v2.4d caption3 kernel (AR)
\caption@tempdima=\dimen178
\captionmargin=\dimen179
\caption@leftmargin=\dimen180
\caption@rightmargin=\dimen181
\caption@width=\dimen182
\caption@indent=\dimen183
\caption@parindent=\dimen184
\caption@hangindent=\dimen185
Package caption Info: Standard document class detected.
)
\c@caption@flags=\count309
\c@continuedfloat=\count310
Package caption Info: float package is loaded.
)
Package caption Info: New subtype `subfigure' on input line 238.
\c@subfigure=\count311
Package caption Info: New subtype `subtable' on input line 238.
\c@subtable=\count312
) (C:\Users\vidal\AppData\Local\Programs\MiKTeX\tex/latex/hyperref\hyperref.sty
Package: hyperref 2025-07-12 v7.01o Hypertext links for LaTeX

(C:\Users\vidal\AppData\Local\Programs\MiKTeX\tex/generic/iftex\iftex.sty
Package: iftex 2024/12/12 v1.0g TeX engine tests
)
(C:\Users\vidal\AppData\Local\Programs\MiKTeX\tex/generic/kvdefinekeys\kvdefine
keys.sty
Package: kvdefinekeys 2019-12-19 v1.6 Define keys (HO)
)
(C:\Users\vidal\AppData\Local\Programs\MiKTeX\tex/generic/pdfescape\pdfescape.s
ty
Package: pdfescape 2019/12/09 v1.15 Implements pdfTeX's escape features (HO)

(C:\Users\vidal\AppData\Local\Programs\MiKTeX\tex/generic/pdftexcmds\pdftexcmds
.sty
Package: pdftexcmds 2020-06-27 v0.33 Utility functions of pdfTeX for LuaTeX (HO
)

(C:\Users\vidal\AppData\Local\Programs\MiKTeX\tex/generic/infwarerr\infwarerr.s
ty
Package: infwarerr 2019/12/03 v1.5 Providing info/warning/error messages (HO)
)
Package pdftexcmds Info: \pdf@primitive is available.
Package pdftexcmds Info: \pdf@ifprimitive is available.
Package pdftexcmds Info: \pdfdraftmode found.
))
(C:\Users\vidal\AppData\Local\Programs\MiKTeX\tex/latex/hycolor\hycolor.sty
Package: hycolor 2020-01-27 v1.10 Color options for hyperref/bookmark (HO)
)
(C:\Users\vidal\AppData\Local\Programs\MiKTeX\tex/latex/hyperref\nameref.sty
Package: nameref 2025-06-21 v2.57 Cross-referencing by name of section

(C:\Users\vidal\AppData\Local\Programs\MiKTeX\tex/latex/refcount\refcount.sty
Package: refcount 2019/12/15 v3.6 Data extraction from label references (HO)
)
(C:\Users\vidal\AppData\Local\Programs\MiKTeX\tex/generic/gettitlestring\gettit
lestring.sty
Package: gettitlestring 2019/12/15 v1.6 Cleanup title references (HO)
)
\c@section@level=\count313
)
(C:\Users\vidal\AppData\Local\Programs\MiKTeX\tex/generic/stringenc\stringenc.s
ty
Package: stringenc 2019/11/29 v1.12 Convert strings between diff. encodings (HO
)
)
\@linkdim=\dimen186
\Hy@linkcounter=\count314
\Hy@pagecounter=\count315
 (C:\Users\vidal\AppData\Local\Programs\MiKTeX\tex/latex/hyperref\pd1enc.def
File: pd1enc.def 2025-07-12 v7.01o Hyperref: PDFDocEncoding definition (HO)
Now handling font encoding PD1 ...
... no UTF-8 mapping file for font encoding PD1
) (C:\Users\vidal\AppData\Local\Programs\MiKTeX\tex/generic/intcalc\intcalc.sty
Package: intcalc 2019/12/15 v1.3 Expandable calculations with integers (HO)
)
\Hy@SavedSpaceFactor=\count316
 (C:\Users\vidal\AppData\Local\Programs\MiKTeX\tex/latex/hyperref\puenc.def
File: puenc.def 2025-07-12 v7.01o Hyperref: PDF Unicode definition (HO)
Now handling font encoding PU ...
... no UTF-8 mapping file for font encoding PU
)
Package hyperref Info: Hyper figures OFF on input line 4195.
Package hyperref Info: Link nesting OFF on input line 4200.
Package hyperref Info: Hyper index ON on input line 4203.
Package hyperref Info: Plain pages OFF on input line 4210.
Package hyperref Info: Backreferencing OFF on input line 4215.
Package hyperref Info: Implicit mode ON; LaTeX internals redefined.
Package hyperref Info: Bookmarks ON on input line 4462.
\c@Hy@tempcnt=\count317

(C:\Users\vidal\AppData\Local\Programs\MiKTeX\tex/latex/url\url.sty
\Urlmuskip=\muskip18
Package: url 2013/09/16  ver 3.4  Verb mode for urls, etc.
)
LaTeX Info: Redefining \url on input line 4801.
\XeTeXLinkMargin=\dimen187

(C:\Users\vidal\AppData\Local\Programs\MiKTeX\tex/generic/bitset\bitset.sty
Package: bitset 2019/12/09 v1.3 Handle bit-vector datatype (HO)

(C:\Users\vidal\AppData\Local\Programs\MiKTeX\tex/generic/bigintcalc\bigintcalc
.sty
Package: bigintcalc 2019/12/15 v1.5 Expandable calculations on big integers (HO
)
))
\Fld@menulength=\count318
\Field@Width=\dimen188
\Fld@charsize=\dimen189
Package hyperref Info: Hyper figures OFF on input line 6078.
Package hyperref Info: Link nesting OFF on input line 6083.
Package hyperref Info: Hyper index ON on input line 6086.
Package hyperref Info: backreferencing OFF on input line 6093.
Package hyperref Info: Link coloring OFF on input line 6098.
Package hyperref Info: Link coloring with OCG OFF on input line 6103.
Package hyperref Info: PDF/A mode OFF on input line 6108.
\Hy@abspage=\count319
\c@Item=\count320
\c@Hfootnote=\count321
)
Package hyperref Info: Driver (autodetected): hpdftex.

(C:\Users\vidal\AppData\Local\Programs\MiKTeX\tex/latex/hyperref\hpdftex.def
File: hpdftex.def 2025-07-12 v7.01o Hyperref driver for pdfTeX
\Fld@listcount=\count322
\c@bookmark@seq@number=\count323

(C:\Users\vidal\AppData\Local\Programs\MiKTeX\tex/latex/rerunfilecheck\rerunfil
echeck.sty
Package: rerunfilecheck 2025-06-21 v1.11 Rerun checks for auxiliary files (HO)

(C:\Users\vidal\AppData\Local\Programs\MiKTeX\tex/generic/uniquecounter\uniquec
ounter.sty
Package: uniquecounter 2019/12/15 v1.4 Provide unlimited unique counter (HO)
)
Package uniquecounter Info: New unique counter `rerunfilecheck' on input line 2
84.
)
\Hy@SectionHShift=\skip54
)
(C:\Users\vidal\AppData\Local\Programs\MiKTeX\tex/latex/natbib\natbib.sty
Package: natbib 2010/09/13 8.31b (PWD, AO)
\bibhang=\skip55
\bibsep=\skip56
LaTeX Info: Redefining \cite on input line 694.
\c@NAT@ctr=\count324
)
(C:\Users\vidal\AppData\Local\Programs\MiKTeX\tex/latex/geometry\geometry.sty
Package: geometry 2020/01/02 v5.9 Page Geometry

(C:\Users\vidal\AppData\Local\Programs\MiKTeX\tex/generic/iftex\ifvtex.sty
Package: ifvtex 2019/10/25 v1.7 ifvtex legacy package. Use iftex instead.
)
\Gm@cnth=\count325
\Gm@cntv=\count326
\c@Gm@tempcnt=\count327
\Gm@bindingoffset=\dimen190
\Gm@wd@mp=\dimen191
\Gm@odd@mp=\dimen192
\Gm@even@mp=\dimen193
\Gm@layoutwidth=\dimen194
\Gm@layoutheight=\dimen195
\Gm@layouthoffset=\dimen196
\Gm@layoutvoffset=\dimen197
\Gm@dimlist=\toks29

(C:\Users\vidal\AppData\Local\Programs\MiKTeX\tex/latex/geometry\geometry.cfg))
(C:\Users\vidal\AppData\Local\Programs\MiKTeX\tex/latex/setspace\setspace.sty
Package: setspace 2022/12/04 v6.7b set line spacing
)
(C:\Users\vidal\AppData\Local\Programs\MiKTeX\tex/latex/l3backend\l3backend-pdf
tex.def
File: l3backend-pdftex.def 2025-10-09 L3 backend support: PDF output (pdfTeX)
\l__color_backend_stack_int=\count328
) (artigo2-elsevier_V1.aux)
\openout1 = `artigo2-elsevier_V1.aux'.

LaTeX Font Info:    Checking defaults for OML/cmm/m/it on input line 30.
LaTeX Font Info:    ... okay on input line 30.
LaTeX Font Info:    Checking defaults for OMS/cmsy/m/n on input line 30.
LaTeX Font Info:    ... okay on input line 30.
LaTeX Font Info:    Checking defaults for OT1/cmr/m/n on input line 30.
LaTeX Font Info:    ... okay on input line 30.
LaTeX Font Info:    Checking defaults for T1/cmr/m/n on input line 30.
LaTeX Font Info:    ... okay on input line 30.
LaTeX Font Info:    Checking defaults for TS1/cmr/m/n on input line 30.
LaTeX Font Info:    ... okay on input line 30.
LaTeX Font Info:    Checking defaults for OMX/cmex/m/n on input line 30.
LaTeX Font Info:    ... okay on input line 30.
LaTeX Font Info:    Checking defaults for U/cmr/m/n on input line 30.
LaTeX Font Info:    ... okay on input line 30.
LaTeX Font Info:    Checking defaults for PD1/pdf/m/n on input line 30.
LaTeX Font Info:    ... okay on input line 30.
LaTeX Font Info:    Checking defaults for PU/pdf/m/n on input line 30.
LaTeX Font Info:    ... okay on input line 30.

(C:\Users\vidal\AppData\Local\Programs\MiKTeX\tex/context/base/mkii\supp-pdf.mk
ii
[Loading MPS to PDF converter (version 2006.09.02).]
\scratchcounter=\count329
\scratchdimen=\dimen198
\scratchbox=\box58
\nofMPsegments=\count330
\nofMParguments=\count331
\everyMPshowfont=\toks30
\MPscratchCnt=\count332
\MPscratchDim=\dimen199
\MPnumerator=\count333
\makeMPintoPDFobject=\count334
\everyMPtoPDFconversion=\toks31
)
(C:\Users\vidal\AppData\Local\Programs\MiKTeX\tex/latex/epstopdf-pkg\epstopdf-b
ase.sty
Package: epstopdf-base 2020-01-24 v2.11 Base part for package epstopdf
Package epstopdf-base Info: Redefining graphics rule for `.eps' on input line 4
85.

(C:\Users\vidal\AppData\Local\Programs\MiKTeX\tex/latex/00miktex\epstopdf-sys.c
fg
File: epstopdf-sys.cfg 2021/03/18 v2.0 Configuration of epstopdf for MiKTeX
))
Package caption Info: Begin \AtBeginDocument code.
Package caption Info: hyperref package is loaded.
Package caption Info: End \AtBeginDocument code.
Package hyperref Info: Link coloring OFF on input line 30.
 (artigo2-elsevier_V1.out) (artigo2-elsevier_V1.out)
\@outlinefile=\write3
\openout3 = `artigo2-elsevier_V1.out'.


*geometry* driver: auto-detecting
*geometry* detected driver: pdftex
*geometry* verbose mode - [ preamble ] result:
* driver: pdftex
* paper: a4paper
* layout: <same size as paper>
* layoutoffset:(h,v)=(0.0pt,0.0pt)
* modes: 
* h-part:(L,W,R)=(71.13188pt, 455.24411pt, 71.13188pt)
* v-part:(T,H,B)=(71.13188pt, 702.78308pt, 71.13188pt)
* \paperwidth=597.50787pt
* \paperheight=845.04684pt
* \textwidth=455.24411pt
* \textheight=702.78308pt
* \oddsidemargin=-1.1381pt
* \evensidemargin=-1.1381pt
* \topmargin=-38.1381pt
* \headheight=12.0pt
* \headsep=25.0pt
* \topskip=12.0pt
* \footskip=30.0pt
* \marginparwidth=35.0pt
* \marginparsep=10.0pt
* \columnsep=10.0pt
* \skip\footins=10.8pt plus 4.0pt minus 2.0pt
* \hoffset=0.0pt
* \voffset=0.0pt
* \mag=1000
* \@twocolumnfalse
* \@twosidefalse
* \@mparswitchfalse
* \@reversemarginfalse
* (1in=72.27pt=25.4mm, 1cm=28.453pt)

LaTeX Font Info:    Trying to load font information for U+msa on input line 38.

(C:\Users\vidal\AppData\Local\Programs\MiKTeX\tex/latex/amsfonts\umsa.fd
File: umsa.fd 2013/01/14 v3.01 AMS symbols A
)
LaTeX Font Info:    Trying to load font information for U+msb on input line 38.


(C:\Users\vidal\AppData\Local\Programs\MiKTeX\tex/latex/amsfonts\umsb.fd
File: umsb.fd 2013/01/14 v3.01 AMS symbols B
)
[1

{C:/Users/vidal/AppData/Local/MiKTeX/fonts/map/pdftex/pdftex.map}] [2]
Overfull \hbox (0.60974pt too wide) in paragraph at lines 74--75
\T1/cmr/m/n/12 qual-i-ta-tive in-ven-to-ries that do not per-mit para-met-ric c
om-par-i-son across ter-ri-to-ries [[]Calvet-
 []

[3]

pdfTeX warning: pdflatex.exe (file ../../3-FIGURAS/prisma_flowdiagram_artigo2_e
n.pdf): PDF inclusion: found PDF version <1.7>, but at most version <1.5> allow
ed
<../../3-FIGURAS/prisma_flowdiagram_artigo2_en.pdf, id=213, 600.2425pt x 578.16
pt>
File: ../../3-FIGURAS/prisma_flowdiagram_artigo2_en.pdf Graphic file (type pdf)

<use ../../3-FIGURAS/prisma_flowdiagram_artigo2_en.pdf>
Package pdftex.def Info: ../../3-FIGURAS/prisma_flowdiagram_artigo2_en.pdf  use
d on input line 100.
(pdftex.def)             Requested size: 309.56265pt x 298.1836pt.
[4] [5 <../../3-FIGURAS/prisma_flowdiagram_artigo2_en.pdf>]
Underfull \hbox (badness 1460) in paragraph at lines 132--133
\T1/cmr/m/n/10.95 pub-lished be-tween 2016 and 2026 in En-glish, Por-
 []

[6] [7]
Overfull \hbox (3.73401pt too wide) in paragraph at lines 155--155
[]\T1/cmr/bx/n/14.4 Functional clas-si-fi-ca-tion of vul-ner-a-bil-ity di-men-s
ions and proxy
 []


Overfull \hbox (2.02333pt too wide) in paragraph at lines 167--167
[]\T1/cmr/bx/n/10 Dim.| 
 []


Underfull \hbox (badness 10000) in paragraph at lines 167--167
[]\T1/cmr/bx/n/10 Proxy vari-ables (ex-
 []


Overfull \hbox (3.34993pt too wide) in paragraph at lines 169--169
[]\T1/cmr/m/n/10 Intergenerational
 []


Underfull \hbox (badness 2608) in paragraph at lines 169--169
\T1/cmr/m/n/10 tery; ac-tive trans-mis-sion
 []


Underfull \hbox (badness 10000) in paragraph at lines 169--169
[]\T1/cmr/m/n/10 %,
 []


Underfull \hbox (badness 10000) in paragraph at lines 169--169
\T1/cmr/m/n/10 events$\OMS/cmsy/m/n/10 ^^A$\T1/cmr/m/n/10 yr$[]$,
 []


Underfull \hbox (badness 10000) in paragraph at lines 171--171
[]\T1/cmr/m/n/10 Biocultural
 []


Underfull \hbox (badness 1968) in paragraph at lines 171--171
[]\T1/cmr/m/n/10 Managed species rich-ness
 []


Underfull \hbox (badness 2591) in paragraph at lines 171--171
\T1/cmr/m/n/10 ter-ac-tions; $\OML/cmm/m/it/10 ^^L$\T1/cmr/m/n/10 -diversity of

 []


Underfull \hbox (badness 1859) in paragraph at lines 171--171
\T1/cmr/m/n/10 prac-tices (Jac-card, Bray-
 []


Underfull \hbox (badness 2318) in paragraph at lines 171--171
[]\T1/cmr/m/n/10 index, count,
 []


Underfull \hbox (badness 10000) in paragraph at lines 173--173
[]\T1/cmr/m/n/10 Documentation
 []


Underfull \hbox (badness 10000) in paragraph at lines 173--173
\T1/cmr/m/n/10 with for-mal reg-is-tra-tion
 []


Underfull \hbox (badness 4072) in paragraph at lines 173--173
\T1/cmr/m/n/10 (in-ven-to-ries, au-dio-vi-sual);
 []


Underfull \hbox (badness 2253) in paragraph at lines 173--173
\T1/cmr/m/n/10 com-plete-ness of tech-ni-cal
 []


Underfull \hbox (badness 2245) in paragraph at lines 175--175
\T1/cmr/m/n/10 land ti-tle; pend-ing land
 []


Underfull \hbox (badness 1286) in paragraph at lines 177--177
[]\T1/cmr/m/n/10 Number of ac-tive knowl-
 []


Underfull \hbox (badness 2205) in paragraph at lines 177--177
\T1/cmr/m/n/10 com-mu-nity meet-ings; vi-
 []


Underfull \hbox (badness 7186) in paragraph at lines 177--177
\T1/cmr/m/n/10 in decision-making po-si-
 []


Underfull \hbox (badness 10000) in paragraph at lines 177--177
[]\T1/cmr/m/n/10 count,
 []


Underfull \hbox (badness 10000) in paragraph at lines 177--177
\T1/cmr/m/n/10 events$\OMS/cmsy/m/n/10 ^^A$\T1/cmr/m/n/10 mo$[]$,
 []


Underfull \hbox (badness 10000) in paragraph at lines 179--179
[]\T1/cmr/m/n/10 ordinal, %,
 []


Underfull \hbox (badness 2376) in paragraph at lines 181--181
[]\T1/cmr/m/n/10 Proportion of pro-duc-tion
 []


Underfull \hbox (badness 6125) in paragraph at lines 181--181
\T1/cmr/m/n/10 des-tined for sale; non-
 []


Underfull \hbox (badness 10000) in paragraph at lines 181--181
\T1/cmr/m/n/10 agricultural in-come/total
 []


Underfull \hbox (badness 1248) in paragraph at lines 181--181
\T1/cmr/m/n/10 rate of lan-drace va-ri-eties
 []


Underfull \hbox (badness 5970) in paragraph at lines 181--181
\T1/cmr/m/n/10 by com-mer-cial cul-ti-vars;
 []


Underfull \hbox (badness 1769) in paragraph at lines 183--183
[]\T1/cmr/m/n/10 Climatic Ex-po-
 []


Underfull \hbox (badness 3525) in paragraph at lines 183--183
\T1/cmr/m/n/10 i-ta-tion In-dex); tem-per-a-
 []


Underfull \hbox (badness 2903) in paragraph at lines 183--183
\T1/cmr/m/n/10 ex-treme events (drought,
 []


Underfull \hbox (badness 10000) in paragraph at lines 183--183
[]\T1/cmr/m/n/10 index, $[]$C,
 []


Underfull \hbox (badness 10000) in paragraph at lines 183--183
\T1/cmr/m/n/10 events$\OMS/cmsy/m/n/10 ^^A$\T1/cmr/m/n/10 yr$[]$,
 []


LaTeX Warning: Float too large for page by 74.646pt on input line 186.

[8] [9] [10] [11] [12]

Package hyperref Warning: Token not allowed in a PDF string (Unicode):
(hyperref)                removing `math shift' on input line 247.


Package hyperref Warning: Token not allowed in a PDF string (Unicode):
(hyperref)                removing `math shift' on input line 247.

[13] [14] [15]
<../../3-FIGURAS/methods_flowchart.pdf, id=461, 407.08385pt x 497.30695pt>
File: ../../3-FIGURAS/methods_flowchart.pdf Graphic file (type pdf)
<use ../../3-FIGURAS/methods_flowchart.pdf>
Package pdftex.def Info: ../../3-FIGURAS/methods_flowchart.pdf  used on input l
ine 326.
(pdftex.def)             Requested size: 373.3035pt x 456.05582pt.
 [16] [17 <../../3-FIGURAS/methods_flowchart.pdf>] [18] [19]
<../../3-FIGURAS/forest_agregado_V1_V8.pdf, id=594, 794.97pt x 505.89pt>
File: ../../3-FIGURAS/forest_agregado_V1_V8.pdf Graphic file (type pdf)
<use ../../3-FIGURAS/forest_agregado_V1_V8.pdf>
Package pdftex.def Info: ../../3-FIGURAS/forest_agregado_V1_V8.pdf  used on inp
ut line 368.
(pdftex.def)             Requested size: 432.48051pt x 275.22212pt.

[20] [21 <../../3-FIGURAS/forest_agregado_V1_V8.pdf>]
<../../3-FIGURAS/meta_regressao_regiao.pdf, id=613, 1011.78pt x 650.43pt>
File: ../../3-FIGURAS/meta_regressao_regiao.pdf Graphic file (type pdf)
<use ../../3-FIGURAS/meta_regressao_regiao.pdf>
Package pdftex.def Info: ../../3-FIGURAS/meta_regressao_regiao.pdf  used on inp
ut line 384.
(pdftex.def)             Requested size: 432.48051pt x 278.022pt.
 [22 <../../3-FIGURAS/meta_regressao_regiao.pdf>]
<../../3-FIGURAS/meta_regressao_comunidade.pdf, id=631, 1011.78pt x 650.43pt>
File: ../../3-FIGURAS/meta_regressao_comunidade.pdf Graphic file (type pdf)
<use ../../3-FIGURAS/meta_regressao_comunidade.pdf>
Package pdftex.def Info: ../../3-FIGURAS/meta_regressao_comunidade.pdf  used on
 input line 393.
(pdftex.def)             Requested size: 432.48051pt x 278.022pt.
 [23 <../../3-FIGURAS/meta_regressao_comunidade.pdf>]
<../../3-FIGURAS/meta_regressao_intervencao.pdf, id=649, 1011.78pt x 650.43pt>
File: ../../3-FIGURAS/meta_regressao_intervencao.pdf Graphic file (type pdf)
<use ../../3-FIGURAS/meta_regressao_intervencao.pdf>
Package pdftex.def Info: ../../3-FIGURAS/meta_regressao_intervencao.pdf  used o
n input line 402.
(pdftex.def)             Requested size: 432.48051pt x 278.022pt.

[24 <../../3-FIGURAS/meta_regressao_intervencao.pdf>]
<../../3-FIGURAS/leave_one_out_V1_V3.pdf, id=668, 867.24pt x 433.62pt>
File: ../../3-FIGURAS/leave_one_out_V1_V3.pdf Graphic file (type pdf)
<use ../../3-FIGURAS/leave_one_out_V1_V3.pdf>
Package pdftex.def Info: ../../3-FIGURAS/leave_one_out_V1_V3.pdf  used on input
 line 422.
(pdftex.def)             Requested size: 432.48051pt x 216.24045pt.
<../../3-FIGURAS/leave_one_out_V4_V6.pdf, id=669, 867.24pt x 433.62pt>
File: ../../3-FIGURAS/leave_one_out_V4_V6.pdf Graphic file (type pdf)
<use ../../3-FIGURAS/leave_one_out_V4_V6.pdf>
Package pdftex.def Info: ../../3-FIGURAS/leave_one_out_V4_V6.pdf  used on input
 line 431.
(pdftex.def)             Requested size: 432.48051pt x 216.24045pt.
<../../3-FIGURAS/leave_one_out_V7_V8.pdf, id=670, 867.24pt x 433.62pt>
File: ../../3-FIGURAS/leave_one_out_V7_V8.pdf Graphic file (type pdf)
<use ../../3-FIGURAS/leave_one_out_V7_V8.pdf>
Package pdftex.def Info: ../../3-FIGURAS/leave_one_out_V7_V8.pdf  used on input
 line 440.
(pdftex.def)             Requested size: 432.48051pt x 216.24045pt.


LaTeX Warning: Float too large for page by 102.87422pt on input line 446.

[25] [26 <../../3-FIGURAS/leave_one_out_V1_V3.pdf> <../../3-FIGURAS/leave_one_o
ut_V4_V6.pdf> <../../3-FIGURAS/leave_one_out_V7_V8.pdf>] [27]
Overfull \hbox (1.28696pt too wide) in paragraph at lines 466--467
[]\T1/cmr/m/n/12 The doc-u-men-ta-tion sta-tus di-men-sion ($\OML/cmm/m/it/12 V
[]$\T1/cmr/m/n/12 ) ex-hib-ited a near-zero ef-fect ($[] \OT1/cmr/m/n/12 = +0\O
ML/cmm/m/it/12 :\OT1/cmr/m/n/12 007$\T1/cmr/m/n/12 ;
 []

[28] [29]
Overfull \hbox (1.47263pt too wide) in paragraph at lines 475--476
\OMS/cmsy/m/n/12 ^^@\OT1/cmr/m/n/12 0\OML/cmm/m/it/12 :\OT1/cmr/m/n/12 464$ \T1
/cmr/m/n/12 for re-gion, $\OMS/cmsy/m/n/12 ^^@\OT1/cmr/m/n/12 0\OML/cmm/m/it/12
 :\OT1/cmr/m/n/12 395$ \T1/cmr/m/n/12 for com-mu-nity type), sug-gest-ing that 
in-ter-ven-tions to strengthen
 []

[30] [31]
Overfull \hbox (6.70952pt too wide) in paragraph at lines 489--490
[]\T1/cmr/m/n/12 Interventions an-chored in sym-bolic ter-ri-to-ries, such as s
a-cred grove con-ser-va-tion (Fig. []6[]),
 []

[32] [33] (artigo2-elsevier_V1.bbl [34] [35] [36] [37] [38] [39] [40] [41]
[42] [43] [44]) [45] (artigo2-elsevier_V1.aux)
 ***********
LaTeX2e <2025-11-01>
L3 programming layer <2025-12-29>
 ***********
Package rerunfilecheck Info: File `artigo2-elsevier_V1.out' has not changed.
(rerunfilecheck)             Checksum: 18C971A09D82F9EDDAC9B80C1C6D1003;6640.
 ) 
Here is how much of TeX's memory you used:
 13342 strings out of 467871
 212399 string characters out of 5418376
 632866 words of memory out of 5000000
 41855 multiletter control sequences out of 15000+600000
 657016 words of font info for 120 fonts, out of 8000000 for 9000
 1141 hyphenation exceptions out of 8191
 69i,12n,79p,2452b,745s stack positions out of 10000i,1000n,20000p,200000b,200000s
 <C:\Users\vidal\AppData\Local\MiKTeX\fonts/pk/ljfour/jknappen/ec/dpi600\tcrm
1200.pk> <C:\Users\vidal\AppData\Local\MiKTeX\fonts/pk/ljfour/jknappen/ec/dpi60
0\tcti1200.pk> <C:\Users\vidal\AppData\Local\MiKTeX\fonts/pk/ljfour/jknappen/ec
/dpi600\ecbx1000.pk> <C:\Users\vidal\AppData\Local\MiKTeX\fonts/pk/ljfour/jknap
pen/ec/dpi600\ecti1200.pk> <C:\Users\vidal\AppData\Local\MiKTeX\fonts/pk/ljfour
/jknappen/ec/dpi600\ectt1200.pk> <C:\Users\vidal\AppData\Local\MiKTeX\fonts/pk/
ljfour/jknappen/ec/dpi600\ecbx1440.pk> <C:\Users\vidal\AppData\Local\MiKTeX\fon
ts/pk/ljfour/jknappen/ec/dpi450\ecss0800.pk> <C:\Users\vidal\AppData\Local\MiKT
eX\fonts/pk/ljfour/jknappen/ec/dpi600\ecbx1728.pk> <C:\Users\vidal\AppData\Loca
l\MiKTeX\fonts/pk/ljfour/jknappen/ec/dpi600\ecbx1200.pk> <C:\Users\vidal\AppDat
a\Local\MiKTeX\fonts/pk/ljfour/jknappen/ec/dpi600\ecrm1095.pk> <C:\Users\vidal\
AppData\Local\MiKTeX\fonts/pk/ljfour/jknappen/ec/dpi600\ecbx1095.pk> <C:\Users\
vidal\AppData\Local\MiKTeX\fonts/pk/ljfour/jknappen/ec/dpi600\ecrm1200.pk> <C:\
Users\vidal\AppData\Local\MiKTeX\fonts/pk/ljfour/jknappen/ec/dpi600\ecrm0800.pk
> <C:\Users\vidal\AppData\Local\MiKTeX\fonts/pk/ljfour/jknappen/ec/dpi600\ecrm1
000.pk> <C:\Users\vidal\AppData\Local\MiKTeX\fonts/pk/ljfour/jknappen/ec/dpi600
\ecrm1440.pk> <C:\Users\vidal\AppData\Local\MiKTeX\fonts/pk/ljfour/jknappen/ec/
dpi600\ecrm2074.pk><C:/Users/vidal/AppData/Local/Programs/MiKTeX/fonts/type1/pu
blic/amsfonts/cm/cmbx12.pfb><C:/Users/vidal/AppData/Local/Programs/MiKTeX/fonts
/type1/public/amsfonts/cm/cmex10.pfb><C:/Users/vidal/AppData/Local/Programs/MiK
TeX/fonts/type1/public/amsfonts/cm/cmmi10.pfb><C:/Users/vidal/AppData/Local/Pro
grams/MiKTeX/fonts/type1/public/amsfonts/cm/cmmi12.pfb><C:/Users/vidal/AppData/
Local/Programs/MiKTeX/fonts/type1/public/amsfonts/cm/cmmi8.pfb><C:/Users/vidal/
AppData/Local/Programs/MiKTeX/fonts/type1/public/amsfonts/cm/cmmib10.pfb><C:/Us
ers/vidal/AppData/Local/Programs/MiKTeX/fonts/type1/public/amsfonts/cm/cmr10.pf
b><C:/Users/vidal/AppData/Local/Programs/MiKTeX/fonts/type1/public/amsfonts/cm/
cmr12.pfb><C:/Users/vidal/AppData/Local/Programs/MiKTeX/fonts/type1/public/amsf
onts/cm/cmr7.pfb><C:/Users/vidal/AppData/Local/Programs/MiKTeX/fonts/type1/publ
ic/amsfonts/cm/cmr8.pfb><C:/Users/vidal/AppData/Local/Programs/MiKTeX/fonts/typ
e1/public/amsfonts/cm/cmsy10.pfb><C:/Users/vidal/AppData/Local/Programs/MiKTeX/
fonts/type1/public/amsfonts/cm/cmsy7.pfb><C:/Users/vidal/AppData/Local/Programs
/MiKTeX/fonts/type1/public/amsfonts/cm/cmsy8.pfb><C:/Users/vidal/AppData/Local/
Programs/MiKTeX/fonts/type1/public/lm/lmmi6.pfb><C:/Users/vidal/AppData/Local/P
rograms/MiKTeX/fonts/type1/public/lm/lmmi7.pfb><C:/Users/vidal/AppData/Local/Pr
ograms/MiKTeX/fonts/type1/public/lm/lmmi9.pfb><C:/Users/vidal/AppData/Local/Pro
grams/MiKTeX/fonts/type1/public/lm/lmr5.pfb><C:/Users/vidal/AppData/Local/Progr
ams/MiKTeX/fonts/type1/public/lm/lmr6.pfb><C:/Users/vidal/AppData/Local/Program
s/MiKTeX/fonts/type1/public/lm/lmr7.pfb><C:/Users/vidal/AppData/Local/Programs/
MiKTeX/fonts/type1/public/lm/lmr9.pfb><C:/Users/vidal/AppData/Local/Programs/Mi
KTeX/fonts/type1/public/lm/lmri7.pfb><C:/Users/vidal/AppData/Local/Programs/MiK
TeX/fonts/type1/public/lm/lmssbx10.pfb><C:/Users/vidal/AppData/Local/Programs/M
iKTeX/fonts/type1/public/lm/lmsy7.pfb>
Output written on artigo2-elsevier_V1.pdf (45 pages, 883126 bytes).
PDF statistics:
 1662 PDF objects out of 1728 (max. 8388607)
 189 named destinations out of 1000 (max. 500000)
 270 words of extra memory for PDF output out of 10000 (max. 10000000)

