This is pdfTeX, Version 3.141592653-2.6-1.40.28 (MiKTeX 25.12) (preloaded format=pdflatex 2026.1.23)  19 MAR 2026 14:23
entering extended mode
 restricted \write18 enabled.
 file:line:error style messages enabled.
 %&-line parsing enabled.
**"c:/Users/vidal/OneDrive/Documentos/13 - CLONEGIT/artigo_2_catuxe/1-LATEX/1-MANUSCRITO/manuscrito_pt/artigo2-elsevier_V1.tex"
(c:/Users/vidal/OneDrive/Documentos/13 - CLONEGIT/artigo_2_catuxe/1-LATEX/1-MANUSCRITO/manuscrito_pt/artigo2-elsevier_V1.tex
LaTeX2e <2025-11-01>
L3 programming layer <2025-12-29>
(C:\Users\vidal\AppData\Local\Programs\MiKTeX\tex/latex/base\article.cls
Document Class: article 2025/01/22 v1.4n Standard LaTeX document class
(C:\Users\vidal\AppData\Local\Programs\MiKTeX\tex/latex/base\size12.clo
File: size12.clo 2025/01/22 v1.4n Standard LaTeX file (size option)
)
\c@part=\count275
\c@section=\count276
\c@subsection=\count277
\c@subsubsection=\count278
\c@paragraph=\count279
\c@subparagraph=\count280
\c@figure=\count281
\c@table=\count282
\abovecaptionskip=\skip49
\belowcaptionskip=\skip50
\bibindent=\dimen148
) (C:\Users\vidal\AppData\Local\Programs\MiKTeX\tex/latex/amsfonts\amssymb.sty
Package: amssymb 2013/01/14 v3.01 AMS font symbols
 (C:\Users\vidal\AppData\Local\Programs\MiKTeX\tex/latex/amsfonts\amsfonts.sty
Package: amsfonts 2013/01/14 v3.01 Basic AMSFonts support
\@emptytoks=\toks17
\symAMSa=\mathgroup4
\symAMSb=\mathgroup5
LaTeX Font Info:    Redeclaring math symbol \hbar on input line 98.
LaTeX Font Info:    Overwriting math alphabet `\mathfrak' in version `bold'
(Font)                  U/euf/m/n --> U/euf/b/n on input line 106.
)) (C:\Users\vidal\AppData\Local\Programs\MiKTeX\tex/latex/amsmath\amsmath.sty
Package: amsmath 2025/07/09 v2.17z AMS math features
\@mathmargin=\skip51

For additional information on amsmath, use the `?' option.
(C:\Users\vidal\AppData\Local\Programs\MiKTeX\tex/latex/amsmath\amstext.sty
Package: amstext 2024/11/17 v2.01 AMS text
 (C:\Users\vidal\AppData\Local\Programs\MiKTeX\tex/latex/amsmath\amsgen.sty
File: amsgen.sty 1999/11/30 v2.0 generic functions
\@emptytoks=\toks18
\ex@=\dimen149
)) (C:\Users\vidal\AppData\Local\Programs\MiKTeX\tex/latex/amsmath\amsbsy.sty
Package: amsbsy 1999/11/29 v1.2d Bold Symbols
\pmbraise@=\dimen150
) (C:\Users\vidal\AppData\Local\Programs\MiKTeX\tex/latex/amsmath\amsopn.sty
Package: amsopn 2022/04/08 v2.04 operator names
)
\inf@bad=\count283
LaTeX Info: Redefining \frac on input line 233.
\uproot@=\count284
\leftroot@=\count285
LaTeX Info: Redefining \overline on input line 398.
LaTeX Info: Redefining \colon on input line 409.
\classnum@=\count286
\DOTSCASE@=\count287
LaTeX Info: Redefining \ldots on input line 495.
LaTeX Info: Redefining \dots on input line 498.
LaTeX Info: Redefining \cdots on input line 619.
\Mathstrutbox@=\box53
\strutbox@=\box54
LaTeX Info: Redefining \big on input line 721.
LaTeX Info: Redefining \Big on input line 722.
LaTeX Info: Redefining \bigg on input line 723.
LaTeX Info: Redefining \Bigg on input line 724.
\big@size=\dimen151
LaTeX Font Info:    Redeclaring font encoding OML on input line 742.
LaTeX Font Info:    Redeclaring font encoding OMS on input line 743.
\macc@depth=\count288
LaTeX Info: Redefining \bmod on input line 904.
LaTeX Info: Redefining \pmod on input line 909.
LaTeX Info: Redefining \smash on input line 939.
LaTeX Info: Redefining \relbar on input line 969.
LaTeX Info: Redefining \Relbar on input line 970.
\c@MaxMatrixCols=\count289
\dotsspace@=\muskip17
\c@parentequation=\count290
\dspbrk@lvl=\count291
\tag@help=\toks19
\row@=\count292
\column@=\count293
\maxfields@=\count294
\andhelp@=\toks20
\eqnshift@=\dimen152
\alignsep@=\dimen153
\tagshift@=\dimen154
\tagwidth@=\dimen155
\totwidth@=\dimen156
\lineht@=\dimen157
\@envbody=\toks21
\multlinegap=\skip52
\multlinetaggap=\skip53
\mathdisplay@stack=\toks22
LaTeX Info: Redefining \[ on input line 2950.
LaTeX Info: Redefining \] on input line 2951.
) (C:\Users\vidal\AppData\Local\Programs\MiKTeX\tex/latex/tools\bm.sty
Package: bm 2025/10/21 v1.2g Bold Symbol Support (DPC/FMi)
\symboldoperators=\mathgroup6
\symboldletters=\mathgroup7
\symboldsymbols=\mathgroup8
Package bm Info: No bold for \OMX/cmex/m/n, using \pmb.
Package bm Info: No bold for \U/msa/m/n, using \pmb.
Package bm Info: No bold for \U/msb/m/n, using \pmb.
LaTeX Font Info:    Redeclaring math alphabet \mathbf on input line 149.
) (C:\Users\vidal\AppData\Local\Programs\MiKTeX\tex/latex/lineno\lineno.sty
Package: lineno 2025/05/13 line numbers on paragraphs v5.5
 (C:\Users\vidal\AppData\Local\Programs\MiKTeX\tex/latex/etoolbox\etoolbox.sty
Package: etoolbox 2025/10/02 v2.5m e-TeX tools for LaTeX (JAW)
\etb@tempcnta=\count295
) (C:\Users\vidal\AppData\Local\Programs\MiKTeX\tex/latex/kvoptions\kvoptions.sty
Package: kvoptions 2022-06-15 v3.15 Key value format for package options (HO)
 (C:\Users\vidal\AppData\Local\Programs\MiKTeX\tex/latex/graphics\keyval.sty
Package: keyval 2022/05/29 v1.15 key=value parser (DPC)
\KV@toks@=\toks23
) (C:\Users\vidal\AppData\Local\Programs\MiKTeX\tex/generic/ltxcmds\ltxcmds.sty
Package: ltxcmds 2023-12-04 v1.26 LaTeX kernel commands for general use (HO)
) (C:\Users\vidal\AppData\Local\Programs\MiKTeX\tex/latex/kvsetkeys\kvsetkeys.sty
Package: kvsetkeys 2022-10-05 v1.19 Key value parser (HO)
))
\linenopenalty=\count296
\output=\toks24
\linenoprevgraf=\count297
\linenumbersep=\dimen158
\linenumberwidth=\dimen159
\c@linenumber=\count298
\c@pagewiselinenumber=\count299
\c@LN@truepage=\count300
\c@internallinenumber=\count301
\c@internallinenumbers=\count302
\quotelinenumbersep=\dimen160
\bframerule=\dimen161
\bframesep=\dimen162
\bframebox=\box55
\@LN@amsmath@ams@eqpen=\count303
) (C:\Users\vidal\AppData\Local\Programs\MiKTeX\tex/latex/base\inputenc.sty
Package: inputenc 2024/02/08 v1.3d Input encoding file
\inpenc@prehook=\toks25
\inpenc@posthook=\toks26
) (C:\Users\vidal\AppData\Local\Programs\MiKTeX\tex/latex/base\fontenc.sty
Package: fontenc 2025/07/18 v2.1d Standard LaTeX package
) (C:\Users\vidal\AppData\Local\Programs\MiKTeX\tex/latex/booktabs\booktabs.sty
Package: booktabs 2020/01/12 v1.61803398 Publication quality tables
\heavyrulewidth=\dimen163
\lightrulewidth=\dimen164
\cmidrulewidth=\dimen165
\belowrulesep=\dimen166
\belowbottomsep=\dimen167
\aboverulesep=\dimen168
\abovetopsep=\dimen169
\cmidrulesep=\dimen170
\cmidrulekern=\dimen171
\defaultaddspace=\dimen172
\@cmidla=\count304
\@cmidlb=\count305
\@aboverulesep=\dimen173
\@belowrulesep=\dimen174
\@thisruleclass=\count306
\@lastruleclass=\count307
\@thisrulewidth=\dimen175
) (C:\Users\vidal\AppData\Local\Programs\MiKTeX\tex/latex/graphics\graphicx.sty
Package: graphicx 2024/12/31 v1.2e Enhanced LaTeX Graphics (DPC,SPQR)
 (C:\Users\vidal\AppData\Local\Programs\MiKTeX\tex/latex/graphics\graphics.sty
Package: graphics 2024/08/06 v1.4g Standard LaTeX Graphics (DPC,SPQR)
 (C:\Users\vidal\AppData\Local\Programs\MiKTeX\tex/latex/graphics\trig.sty
Package: trig 2023/12/02 v1.11 sin cos tan (DPC)
) (C:\Users\vidal\AppData\Local\Programs\MiKTeX\tex/latex/graphics-cfg\graphics.cfg
File: graphics.cfg 2016/06/04 v1.11 sample graphics configuration
)
Package graphics Info: Driver file: pdftex.def on input line 106.
 (C:\Users\vidal\AppData\Local\Programs\MiKTeX\tex/latex/graphics-def\pdftex.def
File: pdftex.def 2025/09/29 v1.2d Graphics/color driver for pdftex
))
\Gin@req@height=\dimen176
\Gin@req@width=\dimen177
) (C:\Users\vidal\AppData\Local\Programs\MiKTeX\tex/latex/float\float.sty
Package: float 2001/11/08 v1.3d Float enhancements (AL)
\c@float@type=\count308
\float@exts=\toks27
\float@box=\box56
\@float@everytoks=\toks28
\@floatcapt=\box57
) (C:\Users\vidal\AppData\Local\Programs\MiKTeX\tex/latex/caption\subcaption.sty
Package: subcaption 2023/07/28 v1.6b Sub-captions (AR)
 (C:\Users\vidal\AppData\Local\Programs\MiKTeX\tex/latex/caption\caption.sty
Package: caption 2023/08/05 v3.6o Customizing captions (AR)
 (C:\Users\vidal\AppData\Local\Programs\MiKTeX\tex/latex/caption\caption3.sty
Package: caption3 2023/07/31 v2.4d caption3 kernel (AR)
\caption@tempdima=\dimen178
\captionmargin=\dimen179
\caption@leftmargin=\dimen180
\caption@rightmargin=\dimen181
\caption@width=\dimen182
\caption@indent=\dimen183
\caption@parindent=\dimen184
\caption@hangindent=\dimen185
Package caption Info: Standard document class detected.
)
\c@caption@flags=\count309
\c@continuedfloat=\count310
Package caption Info: float package is loaded.
)
Package caption Info: New subtype `subfigure' on input line 238.
\c@subfigure=\count311
Package caption Info: New subtype `subtable' on input line 238.
\c@subtable=\count312
) (C:\Users\vidal\AppData\Local\Programs\MiKTeX\tex/latex/hyperref\hyperref.sty
Package: hyperref 2025-07-12 v7.01o Hypertext links for LaTeX
 (C:\Users\vidal\AppData\Local\Programs\MiKTeX\tex/generic/iftex\iftex.sty
Package: iftex 2024/12/12 v1.0g TeX engine tests
) (C:\Users\vidal\AppData\Local\Programs\MiKTeX\tex/generic/kvdefinekeys\kvdefinekeys.sty
Package: kvdefinekeys 2019-12-19 v1.6 Define keys (HO)
) (C:\Users\vidal\AppData\Local\Programs\MiKTeX\tex/generic/pdfescape\pdfescape.sty
Package: pdfescape 2019/12/09 v1.15 Implements pdfTeX's escape features (HO)
 (C:\Users\vidal\AppData\Local\Programs\MiKTeX\tex/generic/pdftexcmds\pdftexcmds.sty
Package: pdftexcmds 2020-06-27 v0.33 Utility functions of pdfTeX for LuaTeX (HO)
 (C:\Users\vidal\AppData\Local\Programs\MiKTeX\tex/generic/infwarerr\infwarerr.sty
Package: infwarerr 2019/12/03 v1.5 Providing info/warning/error messages (HO)
)
Package pdftexcmds Info: \pdf@primitive is available.
Package pdftexcmds Info: \pdf@ifprimitive is available.
Package pdftexcmds Info: \pdfdraftmode found.
)) (C:\Users\vidal\AppData\Local\Programs\MiKTeX\tex/latex/hycolor\hycolor.sty
Package: hycolor 2020-01-27 v1.10 Color options for hyperref/bookmark (HO)
) (C:\Users\vidal\AppData\Local\Programs\MiKTeX\tex/latex/hyperref\nameref.sty
Package: nameref 2025-06-21 v2.57 Cross-referencing by name of section
 (C:\Users\vidal\AppData\Local\Programs\MiKTeX\tex/latex/refcount\refcount.sty
Package: refcount 2019/12/15 v3.6 Data extraction from label references (HO)
) (C:\Users\vidal\AppData\Local\Programs\MiKTeX\tex/generic/gettitlestring\gettitlestring.sty
Package: gettitlestring 2019/12/15 v1.6 Cleanup title references (HO)
)
\c@section@level=\count313
) (C:\Users\vidal\AppData\Local\Programs\MiKTeX\tex/generic/stringenc\stringenc.sty
Package: stringenc 2019/11/29 v1.12 Convert strings between diff. encodings (HO)
)
\@linkdim=\dimen186
\Hy@linkcounter=\count314
\Hy@pagecounter=\count315
 (C:\Users\vidal\AppData\Local\Programs\MiKTeX\tex/latex/hyperref\pd1enc.def
File: pd1enc.def 2025-07-12 v7.01o Hyperref: PDFDocEncoding definition (HO)
Now handling font encoding PD1 ...
... no UTF-8 mapping file for font encoding PD1
) (C:\Users\vidal\AppData\Local\Programs\MiKTeX\tex/generic/intcalc\intcalc.sty
Package: intcalc 2019/12/15 v1.3 Expandable calculations with integers (HO)
)
\Hy@SavedSpaceFactor=\count316
 (C:\Users\vidal\AppData\Local\Programs\MiKTeX\tex/latex/hyperref\puenc.def
File: puenc.def 2025-07-12 v7.01o Hyperref: PDF Unicode definition (HO)
Now handling font encoding PU ...
... no UTF-8 mapping file for font encoding PU
)
Package hyperref Info: Hyper figures OFF on input line 4195.
Package hyperref Info: Link nesting OFF on input line 4200.
Package hyperref Info: Hyper index ON on input line 4203.
Package hyperref Info: Plain pages OFF on input line 4210.
Package hyperref Info: Backreferencing OFF on input line 4215.
Package hyperref Info: Implicit mode ON; LaTeX internals redefined.
Package hyperref Info: Bookmarks ON on input line 4462.
\c@Hy@tempcnt=\count317
 (C:\Users\vidal\AppData\Local\Programs\MiKTeX\tex/latex/url\url.sty
\Urlmuskip=\muskip18
Package: url 2013/09/16  ver 3.4  Verb mode for urls, etc.
)
LaTeX Info: Redefining \url on input line 4801.
\XeTeXLinkMargin=\dimen187
 (C:\Users\vidal\AppData\Local\Programs\MiKTeX\tex/generic/bitset\bitset.sty
Package: bitset 2019/12/09 v1.3 Handle bit-vector datatype (HO)
 (C:\Users\vidal\AppData\Local\Programs\MiKTeX\tex/generic/bigintcalc\bigintcalc.sty
Package: bigintcalc 2019/12/15 v1.5 Expandable calculations on big integers (HO)
))
\Fld@menulength=\count318
\Field@Width=\dimen188
\Fld@charsize=\dimen189
Package hyperref Info: Hyper figures OFF on input line 6078.
Package hyperref Info: Link nesting OFF on input line 6083.
Package hyperref Info: Hyper index ON on input line 6086.
Package hyperref Info: backreferencing OFF on input line 6093.
Package hyperref Info: Link coloring OFF on input line 6098.
Package hyperref Info: Link coloring with OCG OFF on input line 6103.
Package hyperref Info: PDF/A mode OFF on input line 6108.
\Hy@abspage=\count319
\c@Item=\count320
\c@Hfootnote=\count321
)
Package hyperref Info: Driver (autodetected): hpdftex.
 (C:\Users\vidal\AppData\Local\Programs\MiKTeX\tex/latex/hyperref\hpdftex.def
File: hpdftex.def 2025-07-12 v7.01o Hyperref driver for pdfTeX
\Fld@listcount=\count322
\c@bookmark@seq@number=\count323
 (C:\Users\vidal\AppData\Local\Programs\MiKTeX\tex/latex/rerunfilecheck\rerunfilecheck.sty
Package: rerunfilecheck 2025-06-21 v1.11 Rerun checks for auxiliary files (HO)
 (C:\Users\vidal\AppData\Local\Programs\MiKTeX\tex/generic/uniquecounter\uniquecounter.sty
Package: uniquecounter 2019/12/15 v1.4 Provide unlimited unique counter (HO)
)
Package uniquecounter Info: New unique counter `rerunfilecheck' on input line 284.
)
\Hy@SectionHShift=\skip54
) (C:\Users\vidal\AppData\Local\Programs\MiKTeX\tex/latex/natbib\natbib.sty
Package: natbib 2010/09/13 8.31b (PWD, AO)
\bibhang=\skip55
\bibsep=\skip56
LaTeX Info: Redefining \cite on input line 694.
\c@NAT@ctr=\count324
) (C:\Users\vidal\AppData\Local\Programs\MiKTeX\tex/latex/geometry\geometry.sty
Package: geometry 2020/01/02 v5.9 Page Geometry
 (C:\Users\vidal\AppData\Local\Programs\MiKTeX\tex/generic/iftex\ifvtex.sty
Package: ifvtex 2019/10/25 v1.7 ifvtex legacy package. Use iftex instead.
)
\Gm@cnth=\count325
\Gm@cntv=\count326
\c@Gm@tempcnt=\count327
\Gm@bindingoffset=\dimen190
\Gm@wd@mp=\dimen191
\Gm@odd@mp=\dimen192
\Gm@even@mp=\dimen193
\Gm@layoutwidth=\dimen194
\Gm@layoutheight=\dimen195
\Gm@layouthoffset=\dimen196
\Gm@layoutvoffset=\dimen197
\Gm@dimlist=\toks29
 (C:\Users\vidal\AppData\Local\Programs\MiKTeX\tex/latex/geometry\geometry.cfg)) (C:\Users\vidal\AppData\Local\Programs\MiKTeX\tex/latex/setspace\setspace.sty
Package: setspace 2022/12/04 v6.7b set line spacing
) (C:\Users\vidal\AppData\Local\Programs\MiKTeX\tex/latex/l3backend\l3backend-pdftex.def
File: l3backend-pdftex.def 2025-10-09 L3 backend support: PDF output (pdfTeX)
\l__color_backend_stack_int=\count328
) (artigo2-elsevier_V1.aux)
\openout1 = `artigo2-elsevier_V1.aux'.

LaTeX Font Info:    Checking defaults for OML/cmm/m/it on input line 30.
LaTeX Font Info:    ... okay on input line 30.
LaTeX Font Info:    Checking defaults for OMS/cmsy/m/n on input line 30.
LaTeX Font Info:    ... okay on input line 30.
LaTeX Font Info:    Checking defaults for OT1/cmr/m/n on input line 30.
LaTeX Font Info:    ... okay on input line 30.
LaTeX Font Info:    Checking defaults for T1/cmr/m/n on input line 30.
LaTeX Font Info:    ... okay on input line 30.
LaTeX Font Info:    Checking defaults for TS1/cmr/m/n on input line 30.
LaTeX Font Info:    ... okay on input line 30.
LaTeX Font Info:    Checking defaults for OMX/cmex/m/n on input line 30.
LaTeX Font Info:    ... okay on input line 30.
LaTeX Font Info:    Checking defaults for U/cmr/m/n on input line 30.
LaTeX Font Info:    ... okay on input line 30.
LaTeX Font Info:    Checking defaults for PD1/pdf/m/n on input line 30.
LaTeX Font Info:    ... okay on input line 30.
LaTeX Font Info:    Checking defaults for PU/pdf/m/n on input line 30.
LaTeX Font Info:    ... okay on input line 30.
 (C:\Users\vidal\AppData\Local\Programs\MiKTeX\tex/context/base/mkii\supp-pdf.mkii
[Loading MPS to PDF converter (version 2006.09.02).]
\scratchcounter=\count329
\scratchdimen=\dimen198
\scratchbox=\box58
\nofMPsegments=\count330
\nofMParguments=\count331
\everyMPshowfont=\toks30
\MPscratchCnt=\count332
\MPscratchDim=\dimen199
\MPnumerator=\count333
\makeMPintoPDFobject=\count334
\everyMPtoPDFconversion=\toks31
) (C:\Users\vidal\AppData\Local\Programs\MiKTeX\tex/latex/epstopdf-pkg\epstopdf-base.sty
Package: epstopdf-base 2020-01-24 v2.11 Base part for package epstopdf
Package epstopdf-base Info: Redefining graphics rule for `.eps' on input line 485.
 (C:\Users\vidal\AppData\Local\Programs\MiKTeX\tex/latex/00miktex\epstopdf-sys.cfg
File: epstopdf-sys.cfg 2021/03/18 v2.0 Configuration of epstopdf for MiKTeX
))
Package caption Info: Begin \AtBeginDocument code.
Package caption Info: hyperref package is loaded.
Package caption Info: End \AtBeginDocument code.
Package hyperref Info: Link coloring OFF on input line 30.
 (artigo2-elsevier_V1.out) (artigo2-elsevier_V1.out)
\@outlinefile=\write3
\openout3 = `artigo2-elsevier_V1.out'.


*geometry* driver: auto-detecting
*geometry* detected driver: pdftex
*geometry* verbose mode - [ preamble ] result:
* driver: pdftex
* paper: a4paper
* layout: <same size as paper>
* layoutoffset:(h,v)=(0.0pt,0.0pt)
* modes: 
* h-part:(L,W,R)=(71.13188pt, 455.24411pt, 71.13188pt)
* v-part:(T,H,B)=(71.13188pt, 702.78308pt, 71.13188pt)
* \paperwidth=597.50787pt
* \paperheight=845.04684pt
* \textwidth=455.24411pt
* \textheight=702.78308pt
* \oddsidemargin=-1.1381pt
* \evensidemargin=-1.1381pt
* \topmargin=-38.1381pt
* \headheight=12.0pt
* \headsep=25.0pt
* \topskip=12.0pt
* \footskip=30.0pt
* \marginparwidth=35.0pt
* \marginparsep=10.0pt
* \columnsep=10.0pt
* \skip\footins=10.8pt plus 4.0pt minus 2.0pt
* \hoffset=0.0pt
* \voffset=0.0pt
* \mag=1000
* \@twocolumnfalse
* \@twosidefalse
* \@mparswitchfalse
* \@reversemarginfalse
* (1in=72.27pt=25.4mm, 1cm=28.453pt)

LaTeX Font Info:    Trying to load font information for U+msa on input line 38.
(C:\Users\vidal\AppData\Local\Programs\MiKTeX\tex/latex/amsfonts\umsa.fd
File: umsa.fd 2013/01/14 v3.01 AMS symbols A
)
LaTeX Font Info:    Trying to load font information for U+msb on input line 38.
 (C:\Users\vidal\AppData\Local\Programs\MiKTeX\tex/latex/amsfonts\umsb.fd
File: umsb.fd 2013/01/14 v3.01 AMS symbols B
) [1

{C:/Users/vidal/AppData/Local/MiKTeX/fonts/map/pdftex/pdftex.map}] [2] [3] [4]

pdfTeX warning: pdflatex (file ../../3-FIGURAS/prisma_flowdiagram_artigo2_en.pdf): PDF inclusion: found PDF version <1.7>, but at most version <1.5> allowed
<../../3-FIGURAS/prisma_flowdiagram_artigo2_en.pdf, id=239, 600.2425pt x 578.16pt>
File: ../../3-FIGURAS/prisma_flowdiagram_artigo2_en.pdf Graphic file (type pdf)
<use ../../3-FIGURAS/prisma_flowdiagram_artigo2_en.pdf>
Package pdftex.def Info: ../../3-FIGURAS/prisma_flowdiagram_artigo2_en.pdf  used on input line 100.
(pdftex.def)             Requested size: 309.56265pt x 298.1836pt.
[5 <../../3-FIGURAS/prisma_flowdiagram_artigo2_en.pdf>]
Underfull \hbox (badness 1859) in paragraph at lines 129--130
\T1/cmr/m/n/10.95 istro pat-ri-mo-nial, pro-teçăo ju-rídica, gov-er-nança co-
 []


Underfull \hbox (badness 1817) in paragraph at lines 131--132
\T1/cmr/m/n/10.95 op-era-cional-iza-dos como proxy das di-men-sőes cod-i-fi-
 []


Underfull \hbox (badness 2903) in paragraph at lines 132--133
\T1/cmr/m/n/10.95 de com-para-çăo iden-ti-ficável ou lon-gi-tu-di-nais antes-
 []


LaTeX Warning: Float too large for page by 2.33124pt on input line 135.

[6] [7]
Overfull \hbox (3.00227pt too wide) in paragraph at lines 144--145
[]\T1/cmr/m/n/12 As bus-cas foram com-ple-men-tadas por \T1/cmr/m/it/12 back-ward \T1/cmr/m/n/12 e \T1/cmr/m/it/12 for-ward snow-balling \T1/cmr/m/n/12 (Google Scholar).
 []

[8]
Overfull \hbox (2.02333pt too wide) in paragraph at lines 167--167
[]\T1/cmr/bx/n/10 Dim.| 
 []


Underfull \hbox (badness 2005) in paragraph at lines 167--167
[]\T1/cmr/bx/n/10 Variáveis proxy (in-di-
 []


Underfull \hbox (badness 10000) in paragraph at lines 169--169
[]\T1/cmr/m/n/10 Erosăo In-terg-
 []


Underfull \hbox (badness 10000) in paragraph at lines 169--169
\T1/cmr/m/n/10 era-cional e
 []


Underfull \hbox (badness 3407) in paragraph at lines 169--169
[]\T1/cmr/m/n/10 Proporçăo de jovens ($\OML/cmm/m/it/10 <$
 []


Underfull \hbox (badness 1308) in paragraph at lines 169--169
\T1/cmr/m/n/10 saber; taxa de trans-mis-
 []


Underfull \hbox (badness 5726) in paragraph at lines 169--169
\T1/cmr/m/n/10 líquido de jovens; pro-
 []


Underfull \hbox (badness 10000) in paragraph at lines 169--169
[]\T1/cmr/m/n/10 %,
 []


Overfull \hbox (1.23901pt too wide) in paragraph at lines 169--169
\T1/cmr/m/n/10 eventos$\OMS/cmsy/m/n/10 ^^A$\T1/cmr/m/n/10 ano$[]$,
 []


Underfull \hbox (badness 10000) in paragraph at lines 171--171
[]\T1/cmr/m/n/10 Complexidade
 []


Underfull \hbox (badness 1275) in paragraph at lines 171--171
\T1/cmr/m/n/10 e Sin-gu-lar-i-dade
 []


Underfull \hbox (badness 1701) in paragraph at lines 171--171
\T1/cmr/m/n/10 iedades lo-cais; in-ter-açőes
 []


Underfull \hbox (badness 10000) in paragraph at lines 171--171
\T1/cmr/m/n/10 solo-planta cod-i-fi-cadas;
 []


Underfull \hbox (badness 10000) in paragraph at lines 171--171
\T1/cmr/m/n/10 pro-porçăo de práti-cas
 []


Underfull \hbox (badness 10000) in paragraph at lines 171--171
\T1/cmr/m/n/10 ex-clu-si-vas; conec-tivi-dade
 []


Underfull \hbox (badness 10000) in paragraph at lines 171--171
[]\T1/cmr/m/n/10 índice, con-
 []


Underfull \hbox (badness 2961) in paragraph at lines 173--173
[]\T1/cmr/m/n/10 Número de saberes com
 []


Underfull \hbox (badness 7576) in paragraph at lines 173--173
\T1/cmr/m/n/10 au-dio-vi-sual); com-ple-tude
 []


Overfull \hbox (1.22682pt too wide) in paragraph at lines 173--174
[]\T1/cmr/m/n/10 Moderada| 
 []


Underfull \hbox (badness 10000) in paragraph at lines 175--175
[]\T1/cmr/m/n/10 Vulnerabilidade
 []


Underfull \hbox (badness 10000) in paragraph at lines 175--175
\T1/cmr/m/n/10 Ju-rídica e
 []


Underfull \hbox (badness 10000) in paragraph at lines 175--175
[]\T1/cmr/m/n/10 Número de mecan-is-mos
 []


Underfull \hbox (badness 1424) in paragraph at lines 175--175
\T1/cmr/m/n/10 for-mais de pro-teçăo (IG,
 []


Underfull \hbox (badness 10000) in paragraph at lines 175--175
\T1/cmr/m/n/10 marca co-le-tiva, reg-istro
 []


Underfull \hbox (badness 1484) in paragraph at lines 175--175
\T1/cmr/m/n/10 reg-u-latória; ex-istęn-cia de
 []


Underfull \hbox (badness 3679) in paragraph at lines 175--175
\T1/cmr/m/n/10 tí-tulo de posse co-le-tiva;
 []


Underfull \hbox (badness 8038) in paragraph at lines 175--175
\T1/cmr/m/n/10 con-fli-tos fundiários pen-
 []


Underfull \hbox (badness 10000) in paragraph at lines 175--175
[]\T1/cmr/m/n/10 contagem,
 []


Underfull \hbox (badness 1675) in paragraph at lines 175--175
\T1/cmr/m/n/10 binário, or-di-
 []


Underfull \hbox (badness 10000) in paragraph at lines 177--177
[]\T1/cmr/m/n/10 Organizaçăo
 []


Underfull \hbox (badness 10000) in paragraph at lines 177--177
[]\T1/cmr/m/n/10 Número de mestres de
 []


Underfull \hbox (badness 1515) in paragraph at lines 177--177
\T1/cmr/m/n/10 de re-uniőes co-mu-nitárias;
 []


Underfull \hbox (badness 10000) in paragraph at lines 177--177
\T1/cmr/m/n/10 vi-tal-i-dade de pro-to-co-los
 []


Underfull \hbox (badness 1521) in paragraph at lines 177--177
\T1/cmr/m/n/10 de mul-heres em posiçőes
 []


Underfull \hbox (badness 10000) in paragraph at lines 177--177
[]\T1/cmr/m/n/10 contagem,
 []


Overfull \hbox (2.4054pt too wide) in paragraph at lines 177--177
\T1/cmr/m/n/10 eventos$\OMS/cmsy/m/n/10 ^^A$\T1/cmr/m/n/10 męs$[]$,
 []


Overfull \hbox (1.22682pt too wide) in paragraph at lines 177--178
[]\T1/cmr/m/n/10 Moderada| 
 []


Underfull \hbox (badness 2126) in paragraph at lines 179--179
[]\T1/cmr/m/n/10 Vitalidade Lin-
 []


Underfull \hbox (badness 1337) in paragraph at lines 179--179
\T1/cmr/m/n/10 porçăo de falantes $\OML/cmm/m/it/10 <$ \T1/cmr/m/n/10 30
 []


Underfull \hbox (badness 10000) in paragraph at lines 179--179
[]\T1/cmr/m/n/10 ordinal, %,
 []


Underfull \hbox (badness 10000) in paragraph at lines 181--181
[]\T1/cmr/m/n/10 Integraçăo ao
 []


Underfull \hbox (badness 6608) in paragraph at lines 181--181
\T1/cmr/m/n/10 de sub-sti-tu-içăo de var-
 []


Underfull \hbox (badness 10000) in paragraph at lines 183--183
[]\T1/cmr/m/n/10 Exposiçăo
 []


Underfull \hbox (badness 3333) in paragraph at lines 183--183
\T1/cmr/m/n/10 i-ta-tion In-dex); anoma-lia
 []


Underfull \hbox (badness 10000) in paragraph at lines 183--183
[]\T1/cmr/m/n/10 índice, $[]$C,
 []


Overfull \hbox (1.23901pt too wide) in paragraph at lines 183--183
\T1/cmr/m/n/10 eventos$\OMS/cmsy/m/n/10 ^^A$\T1/cmr/m/n/10 ano$[]$,
 []


LaTeX Warning: Float too large for page by 98.646pt on input line 186.

[9] [10]
Overfull \hbox (20.612pt too wide) in paragraph at lines 190--190
[]\T1/cmr/bx/n/14.4 Diagnóstico de disponi-bil-i-dade de ev-idęn-cia e es-traté-gia analítica
 []

[11] [12] [13]

Package hyperref Warning: Token not allowed in a PDF string (Unicode):
(hyperref)                removing `math shift' on input line 247.


Package hyperref Warning: Token not allowed in a PDF string (Unicode):
(hyperref)                removing `math shift' on input line 247.

[14]
Overfull \hbox (0.48065pt too wide) in paragraph at lines 261--262
\T1/cmr/m/n/12 tornou im-prat-icável a im-putaçăo múlti-pla (MICE) [[]van Bu-uren and Groothuis-Oudshoorn[],
 []

[15]
Overfull \hbox (2.04839pt too wide) in paragraph at lines 291--292
[]\T1/cmr/m/n/12 O mod-elo hi-erárquico de efeitos mis-tos foi ajus-tado com es-ti-mador de máx-ima verossim-
 []

[16]
<../../3-FIGURAS/methods_flowchart.pdf, id=494, 407.08385pt x 497.30695pt>
File: ../../3-FIGURAS/methods_flowchart.pdf Graphic file (type pdf)
<use ../../3-FIGURAS/methods_flowchart.pdf>
Package pdftex.def Info: ../../3-FIGURAS/methods_flowchart.pdf  used on input line 326.
(pdftex.def)             Requested size: 373.3035pt x 456.05582pt.
 [17] [18 <../../3-FIGURAS/methods_flowchart.pdf>]
Overfull \hbox (0.2488pt too wide) in paragraph at lines 352--353
\T1/cmr/m/n/12 Dos 47 es-tu-dos fi-nais, cinco (10,6%) fornece-ram mé-dias e desvios-padrăo com-ple-tos (Tier 1,
 []


Overfull \hbox (1.39291pt too wide) in paragraph at lines 352--353
\T1/cmr/m/n/12 18 reg-istros), sete (14,9%) re-por-taram es-tatís-ti-cas in-fer-en-ci-ais con-vertíveis (Tier 2a: 21 reg-
 []

[19] [20]
<../../3-FIGURAS/forest_agregado_V1_V8.pdf, id=632, 794.97pt x 505.89pt>
File: ../../3-FIGURAS/forest_agregado_V1_V8.pdf Graphic file (type pdf)
<use ../../3-FIGURAS/forest_agregado_V1_V8.pdf>
Package pdftex.def Info: ../../3-FIGURAS/forest_agregado_V1_V8.pdf  used on input line 368.
(pdftex.def)             Requested size: 432.48051pt x 275.22212pt.
 [21] [22 <../../3-FIGURAS/forest_agregado_V1_V8.pdf>]
<../../3-FIGURAS/meta_regressao_regiao.pdf, id=651, 1011.78pt x 650.43pt>
File: ../../3-FIGURAS/meta_regressao_regiao.pdf Graphic file (type pdf)
<use ../../3-FIGURAS/meta_regressao_regiao.pdf>
Package pdftex.def Info: ../../3-FIGURAS/meta_regressao_regiao.pdf  used on input line 384.
(pdftex.def)             Requested size: 432.48051pt x 278.022pt.
 [23 <../../3-FIGURAS/meta_regressao_regiao.pdf>]
<../../3-FIGURAS/meta_regressao_comunidade.pdf, id=669, 1011.78pt x 650.43pt>
File: ../../3-FIGURAS/meta_regressao_comunidade.pdf Graphic file (type pdf)
<use ../../3-FIGURAS/meta_regressao_comunidade.pdf>
Package pdftex.def Info: ../../3-FIGURAS/meta_regressao_comunidade.pdf  used on input line 393.
(pdftex.def)             Requested size: 432.48051pt x 278.022pt.
 [24 <../../3-FIGURAS/meta_regressao_comunidade.pdf>]
<../../3-FIGURAS/meta_regressao_intervencao.pdf, id=687, 1011.78pt x 650.43pt>
File: ../../3-FIGURAS/meta_regressao_intervencao.pdf Graphic file (type pdf)
<use ../../3-FIGURAS/meta_regressao_intervencao.pdf>
Package pdftex.def Info: ../../3-FIGURAS/meta_regressao_intervencao.pdf  used on input line 402.
(pdftex.def)             Requested size: 432.48051pt x 278.022pt.
 [25 <../../3-FIGURAS/meta_regressao_intervencao.pdf>]
<../../3-FIGURAS/leave_one_out_V1_V3.pdf, id=707, 867.24pt x 433.62pt>
File: ../../3-FIGURAS/leave_one_out_V1_V3.pdf Graphic file (type pdf)
<use ../../3-FIGURAS/leave_one_out_V1_V3.pdf>
Package pdftex.def Info: ../../3-FIGURAS/leave_one_out_V1_V3.pdf  used on input line 422.
(pdftex.def)             Requested size: 432.48051pt x 216.24045pt.
<../../3-FIGURAS/leave_one_out_V4_V6.pdf, id=708, 867.24pt x 433.62pt>
File: ../../3-FIGURAS/leave_one_out_V4_V6.pdf Graphic file (type pdf)
<use ../../3-FIGURAS/leave_one_out_V4_V6.pdf>
Package pdftex.def Info: ../../3-FIGURAS/leave_one_out_V4_V6.pdf  used on input line 431.
(pdftex.def)             Requested size: 432.48051pt x 216.24045pt.
<../../3-FIGURAS/leave_one_out_V7_V8.pdf, id=709, 867.24pt x 433.62pt>
File: ../../3-FIGURAS/leave_one_out_V7_V8.pdf Graphic file (type pdf)
<use ../../3-FIGURAS/leave_one_out_V7_V8.pdf>
Package pdftex.def Info: ../../3-FIGURAS/leave_one_out_V7_V8.pdf  used on input line 440.
(pdftex.def)             Requested size: 432.48051pt x 216.24045pt.


LaTeX Warning: Float too large for page by 102.87422pt on input line 446.

[26] [27 <../../3-FIGURAS/leave_one_out_V1_V3.pdf> <../../3-FIGURAS/leave_one_out_V4_V6.pdf> <../../3-FIGURAS/leave_one_out_V7_V8.pdf>] [28]
Overfull \hbox (1.59457pt too wide) in paragraph at lines 466--467
[]\T1/cmr/m/n/12 A di-men-săo de sta-tus de doc-u-men-taçăo ($\OML/cmm/m/it/12 V[]$\T1/cmr/m/n/12 ) ap-re-sen-tou efeito próx-imo de zero ($[] \OT1/cmr/m/n/12 =
 []

[29] [30] [31] [32]
Overfull \hbox (17.73611pt too wide) in paragraph at lines 487--488
[]\T1/cmr/m/n/12 Comunidades de agricul-tores tradi-cionais ap-re-sen-tam a maior frag-ili-dade ju-rídica ($[] \OT1/cmr/m/n/12 =
 []

[33] [34] [35] (artigo2-elsevier_V1.bbl [36] [37] [38] [39] [40] [41] [42] [43] [44] [45]) [46]
Overfull \hbox (3.57971pt too wide) in paragraph at lines 544--545
\T1/cmr/bx/n/12 Catuxe Var-jăo de San-tana Oliveira: \T1/cmr/m/n/12 Con-ceitu-açăo, Metodolo-gia, In-ves-ti-gaçăo, Análise
 []

[47] (artigo2-elsevier_V1.aux)
 ***********
LaTeX2e <2025-11-01>
L3 programming layer <2025-12-29>
 ***********
Package rerunfilecheck Info: File `artigo2-elsevier_V1.out' has not changed.
(rerunfilecheck)             Checksum: 7F4257F3D3098538745DD1874A3C8685;7176.
 ) 
Here is how much of TeX's memory you used:
 13346 strings out of 467871
 212717 string characters out of 5418376
 631201 words of memory out of 5000000
 41855 multiletter control sequences out of 15000+600000
 657016 words of font info for 120 fonts, out of 8000000 for 9000
 1141 hyphenation exceptions out of 8191
 69i,12n,79p,2554b,737s stack positions out of 10000i,1000n,20000p,200000b,200000s
 <C:\Users\vidal\AppData\Local\MiKTeX\fonts/pk/ljfour/jknappen/ec/dpi600\tcrm1200.pk> <C:\Users\vidal\AppData\Local\MiKTeX\fonts/pk/ljfour/jknappen/ec/dpi600\tcti1200.pk> <C:\Users\vidal\AppData\Local\MiKTeX\fonts/pk/ljfour/jknappen/ec/dpi600\ecbx1000.pk> <C:\Users\vidal\AppData\Local\MiKTeX\fonts/pk/ljfour/jknappen/ec/dpi600\ectt1200.pk> <C:\Users\vidal\AppData\Local\MiKTeX\fonts/pk/ljfour/jknappen/ec/dpi600\ecbx1440.pk> <C:\Users\vidal\AppData\Local\MiKTeX\fonts/pk/ljfour/jknappen/ec/dpi600\ecti1200.pk> <C:\Users\vidal\AppData\Local\MiKTeX\fonts/pk/ljfour/jknappen/ec/dpi450\ecss0800.pk> <C:\Users\vidal\AppData\Local\MiKTeX\fonts/pk/ljfour/jknappen/ec/dpi600\ecbx1728.pk> <C:\Users\vidal\AppData\Local\MiKTeX\fonts/pk/ljfour/jknappen/ec/dpi600\ecbx1200.pk> <C:\Users\vidal\AppData\Local\MiKTeX\fonts/pk/ljfour/jknappen/ec/dpi600\ecrm1095.pk> <C:\Users\vidal\AppData\Local\MiKTeX\fonts/pk/ljfour/jknappen/ec/dpi600\ecbx1095.pk> <C:\Users\vidal\AppData\Local\MiKTeX\fonts/pk/ljfour/jknappen/ec/dpi600\ecrm1200.pk> <C:\Users\vidal\AppData\Local\MiKTeX\fonts/pk/ljfour/jknappen/ec/dpi600\ecrm0800.pk> <C:\Users\vidal\AppData\Local\MiKTeX\fonts/pk/ljfour/jknappen/ec/dpi600\ecrm1000.pk> <C:\Users\vidal\AppData\Local\MiKTeX\fonts/pk/ljfour/jknappen/ec/dpi600\ecrm1440.pk> <C:\Users\vidal\AppData\Local\MiKTeX\fonts/pk/ljfour/jknappen/ec/dpi600\ecrm2074.pk><C:/Users/vidal/AppData/Local/Programs/MiKTeX/fonts/type1/public/amsfonts/cm/cmbx12.pfb><C:/Users/vidal/AppData/Local/Programs/MiKTeX/fonts/type1/public/amsfonts/cm/cmex10.pfb><C:/Users/vidal/AppData/Local/Programs/MiKTeX/fonts/type1/public/amsfonts/cm/cmmi10.pfb><C:/Users/vidal/AppData/Local/Programs/MiKTeX/fonts/type1/public/amsfonts/cm/cmmi12.pfb><C:/Users/vidal/AppData/Local/Programs/MiKTeX/fonts/type1/public/amsfonts/cm/cmmi8.pfb><C:/Users/vidal/AppData/Local/Programs/MiKTeX/fonts/type1/public/amsfonts/cm/cmmib10.pfb><C:/Users/vidal/AppData/Local/Programs/MiKTeX/fonts/type1/public/amsfonts/cm/cmr10.pfb><C:/Users/vidal/AppData/Local/Programs/MiKTeX/fonts/type1/public/amsfonts/cm/cmr12.pfb><C:/Users/vidal/AppData/Local/Programs/MiKTeX/fonts/type1/public/amsfonts/cm/cmr7.pfb><C:/Users/vidal/AppData/Local/Programs/MiKTeX/fonts/type1/public/amsfonts/cm/cmr8.pfb><C:/Users/vidal/AppData/Local/Programs/MiKTeX/fonts/type1/public/amsfonts/cm/cmsy10.pfb><C:/Users/vidal/AppData/Local/Programs/MiKTeX/fonts/type1/public/amsfonts/cm/cmsy7.pfb><C:/Users/vidal/AppData/Local/Programs/MiKTeX/fonts/type1/public/amsfonts/cm/cmsy8.pfb><C:/Users/vidal/AppData/Local/Programs/MiKTeX/fonts/type1/public/lm/lmmi6.pfb><C:/Users/vidal/AppData/Local/Programs/MiKTeX/fonts/type1/public/lm/lmmi7.pfb><C:/Users/vidal/AppData/Local/Programs/MiKTeX/fonts/type1/public/lm/lmmi9.pfb><C:/Users/vidal/AppData/Local/Programs/MiKTeX/fonts/type1/public/lm/lmr5.pfb><C:/Users/vidal/AppData/Local/Programs/MiKTeX/fonts/type1/public/lm/lmr6.pfb><C:/Users/vidal/AppData/Local/Programs/MiKTeX/fonts/type1/public/lm/lmr7.pfb><C:/Users/vidal/AppData/Local/Programs/MiKTeX/fonts/type1/public/lm/lmr9.pfb><C:/Users/vidal/AppData/Local/Programs/MiKTeX/fonts/type1/public/lm/lmri7.pfb><C:/Users/vidal/AppData/Local/Programs/MiKTeX/fonts/type1/public/lm/lmssbx10.pfb><C:/Users/vidal/AppData/Local/Programs/MiKTeX/fonts/type1/public/lm/lmsy7.pfb>
Output written on artigo2-elsevier_V1.pdf (47 pages, 912772 bytes).
PDF statistics:
 1760 PDF objects out of 2073 (max. 8388607)
 191 named destinations out of 1000 (max. 500000)
 270 words of extra memory for PDF output out of 10000 (max. 10000000)

